  FFT.cpp
c:\users\gameuser\documents\citations\newf\newf\newf\fft.h(53): warning C4305: 'initializing': truncation from 'double' to 'float'
c:\users\gameuser\documents\citations\newf\newf\newf\fft.cpp(20): warning C4244: '=': conversion from 'sf::Uint64' to 'int', possible loss of data
c:\users\gameuser\documents\citations\newf\newf\newf\fft.cpp(30): warning C4244: 'argument': conversion from 'double' to 'float', possible loss of data
c:\users\gameuser\documents\citations\newf\newf\newf\fft.cpp(36): warning C4244: 'argument': conversion from 'double' to 'float', possible loss of data
c:\users\gameuser\documents\citations\newf\newf\newf\fft.cpp(8): warning C4101: 'file': unreferenced local variable
c:\users\gameuser\documents\citations\newf\newf\newf\fft.cpp(60): warning C4244: '=': conversion from 'float' to 'int', possible loss of data
c:\users\gameuser\documents\citations\newf\newf\newf\fft.cpp(110): warning C4244: 'argument': conversion from 'double' to 'float', possible loss of data
c:\users\gameuser\documents\citations\newf\newf\newf\fft.cpp(177): warning C4244: 'initializing': conversion from 'size_t' to 'float', possible loss of data
c:\users\gameuser\documents\citations\newf\newf\newf\fft.cpp(178): warning C4244: 'initializing': conversion from 'size_t' to 'float', possible loss of data
c:\users\gameuser\documents\citations\newf\newf\newf\fft.cpp(193): warning C4244: 'initializing': conversion from 'double' to 'float', possible loss of data
c:\users\gameuser\documents\citations\newf\newf\newf\fft.cpp(226): warning C4244: 'argument': conversion from 'float' to 'const unsigned int', possible loss of data
c:\users\gameuser\documents\citations\newf\newf\newf\fft.cpp(227): warning C4244: 'argument': conversion from 'float' to 'const unsigned int', possible loss of data
c:\users\gameuser\documents\citations\newf\newf\newf\fft.cpp(230): warning C4244: 'argument': conversion from 'float' to 'const unsigned int', possible loss of data
c:\users\gameuser\documents\citations\newf\newf\newf\fft.cpp(231): warning C4244: 'argument': conversion from 'float' to 'const unsigned int', possible loss of data
c:\users\gameuser\documents\citations\newf\newf\newf\fft.cpp(232): warning C4244: 'argument': conversion from 'float' to 'const unsigned int', possible loss of data
c:\users\gameuser\documents\citations\newf\newf\newf\fft.cpp(236): warning C4244: 'argument': conversion from 'float' to 'const unsigned int', possible loss of data
c:\users\gameuser\documents\citations\newf\newf\newf\fft.cpp(237): warning C4244: 'argument': conversion from 'float' to 'const unsigned int', possible loss of data
c:\users\gameuser\documents\citations\newf\newf\newf\fft.cpp(238): warning C4244: 'argument': conversion from 'float' to 'const unsigned int', possible loss of data
c:\users\gameuser\documents\citations\newf\newf\newf\fft.cpp(241): warning C4244: 'argument': conversion from 'float' to 'const unsigned int', possible loss of data
c:\users\gameuser\documents\citations\newf\newf\newf\fft.cpp(245): warning C4244: 'argument': conversion from 'double' to 'sf::Uint8', possible loss of data
c:\users\gameuser\documents\citations\newf\newf\newf\fft.cpp(246): warning C4244: 'argument': conversion from 'double' to 'sf::Uint8', possible loss of data
c:\users\gameuser\documents\citations\newf\newf\newf\fft.cpp(292): warning C4244: 'initializing': conversion from 'size_t' to 'float', possible loss of data
c:\users\gameuser\documents\citations\newf\newf\newf\fft.cpp(294): warning C4244: 'initializing': conversion from 'size_t' to 'float', possible loss of data
c:\users\gameuser\documents\citations\newf\newf\newf\fft.cpp(304): warning C4244: 'initializing': conversion from 'double' to 'float', possible loss of data
c:\users\gameuser\documents\citations\newf\newf\newf\fft.cpp(319): warning C4244: '=': conversion from 'double' to 'float', possible loss of data
c:\users\gameuser\documents\citations\newf\newf\newf\fft.cpp(325): warning C4244: 'argument': conversion from 'double' to 'const float', possible loss of data
c:\users\gameuser\documents\citations\newf\newf\newf\fft.cpp(342): warning C4018: '>': signed/unsigned mismatch
c:\users\gameuser\documents\citations\newf\newf\newf\fft.cpp(395): warning C4244: 'initializing': conversion from 'size_t' to 'float', possible loss of data
c:\users\gameuser\documents\citations\newf\newf\newf\fft.cpp(396): warning C4244: 'initializing': conversion from 'size_t' to 'float', possible loss of data
c:\users\gameuser\documents\citations\newf\newf\newf\fft.cpp(404): warning C4244: 'initializing': conversion from 'double' to 'float', possible loss of data
c:\users\gameuser\documents\citations\newf\newf\newf\fft.cpp(418): warning C4244: '=': conversion from 'double' to 'float', possible loss of data
c:\users\gameuser\documents\citations\newf\newf\newf\fft.cpp(427): warning C4244: 'argument': conversion from 'sf::Int64' to 'float', possible loss of data
c:\users\gameuser\documents\citations\newf\newf\newf\fft.cpp(473): warning C4018: '>': signed/unsigned mismatch
c:\users\gameuser\documents\citations\newf\newf\newf\fft.cpp(505): warning C4244: 'initializing': conversion from 'double' to 'int', possible loss of data
c:\users\gameuser\documents\citations\newf\newf\newf\fft.cpp(506): warning C4244: 'argument': conversion from 'double' to 'float', possible loss of data
c:\users\gameuser\documents\citations\newf\newf\newf\fft.cpp(525): warning C4244: 'initializing': conversion from 'const double' to 'float', possible loss of data
c:\users\gameuser\documents\citations\newf\newf\newf\fft.cpp(527): warning C4244: 'argument': conversion from 'float' to 'const unsigned int', possible loss of data
c:\users\gameuser\documents\citations\newf\newf\newf\fft.cpp(527): warning C4305: 'argument': truncation from 'double' to 'float'
c:\users\gameuser\documents\citations\newf\newf\newf\fft.cpp(528): warning C4244: 'argument': conversion from 'float' to 'const unsigned int', possible loss of data
c:\users\gameuser\documents\citations\newf\newf\newf\fft.cpp(530): warning C4244: 'argument': conversion from 'double' to 'float', possible loss of data
c:\users\gameuser\documents\citations\newf\newf\newf\fft.cpp(532): warning C4305: '*=': truncation from 'double' to 'float'
c:\users\gameuser\documents\citations\newf\newf\newf\fft.cpp(534): warning C4244: 'argument': conversion from 'double' to 'float', possible loss of data
c:\users\gameuser\documents\citations\newf\newf\newf\fft.cpp(540): warning C4244: 'initializing': conversion from 'const double' to 'int', possible loss of data
c:\users\gameuser\documents\citations\newf\newf\newf\fft.cpp(540): warning C4018: '<': signed/unsigned mismatch
  NewF.vcxproj -> C:\Users\gameuser\Documents\Citations\newF\NewF\Debug\NewF.exe
