  FFT.cpp
c:\users\gameuser\documents\citations\newf\newf\newf\fft.h(65): warning C4305: 'initializing': truncation from 'double' to 'float'
c:\users\gameuser\documents\citations\newf\newf\newf\fft.cpp(21): warning C4244: '=': conversion from 'sf::Uint64' to 'int', possible loss of data
c:\users\gameuser\documents\citations\newf\newf\newf\fft.cpp(31): warning C4244: 'argument': conversion from 'double' to 'float', possible loss of data
c:\users\gameuser\documents\citations\newf\newf\newf\fft.cpp(37): warning C4244: 'argument': conversion from 'double' to 'float', possible loss of data
c:\users\gameuser\documents\citations\newf\newf\newf\fft.cpp(9): warning C4101: 'file': unreferenced local variable
c:\users\gameuser\documents\citations\newf\newf\newf\fft.cpp(63): warning C4244: '=': conversion from 'float' to 'int', possible loss of data
c:\users\gameuser\documents\citations\newf\newf\newf\fft.cpp(206): warning C4244: 'initializing': conversion from 'size_t' to 'float', possible loss of data
c:\users\gameuser\documents\citations\newf\newf\newf\fft.cpp(207): warning C4244: 'initializing': conversion from 'size_t' to 'float', possible loss of data
c:\users\gameuser\documents\citations\newf\newf\newf\fft.cpp(222): warning C4244: 'initializing': conversion from 'double' to 'float', possible loss of data
c:\users\gameuser\documents\citations\newf\newf\newf\fft.cpp(255): warning C4244: 'argument': conversion from 'float' to 'const unsigned int', possible loss of data
c:\users\gameuser\documents\citations\newf\newf\newf\fft.cpp(256): warning C4244: 'argument': conversion from 'float' to 'const unsigned int', possible loss of data
c:\users\gameuser\documents\citations\newf\newf\newf\fft.cpp(259): warning C4244: 'argument': conversion from 'float' to 'const unsigned int', possible loss of data
c:\users\gameuser\documents\citations\newf\newf\newf\fft.cpp(260): warning C4244: 'argument': conversion from 'float' to 'const unsigned int', possible loss of data
c:\users\gameuser\documents\citations\newf\newf\newf\fft.cpp(261): warning C4244: 'argument': conversion from 'float' to 'const unsigned int', possible loss of data
c:\users\gameuser\documents\citations\newf\newf\newf\fft.cpp(265): warning C4244: 'argument': conversion from 'float' to 'const unsigned int', possible loss of data
c:\users\gameuser\documents\citations\newf\newf\newf\fft.cpp(266): warning C4244: 'argument': conversion from 'float' to 'const unsigned int', possible loss of data
c:\users\gameuser\documents\citations\newf\newf\newf\fft.cpp(267): warning C4244: 'argument': conversion from 'float' to 'const unsigned int', possible loss of data
c:\users\gameuser\documents\citations\newf\newf\newf\fft.cpp(270): warning C4244: 'argument': conversion from 'float' to 'const unsigned int', possible loss of data
c:\users\gameuser\documents\citations\newf\newf\newf\fft.cpp(274): warning C4244: 'argument': conversion from 'double' to 'sf::Uint8', possible loss of data
c:\users\gameuser\documents\citations\newf\newf\newf\fft.cpp(275): warning C4244: 'argument': conversion from 'double' to 'sf::Uint8', possible loss of data
c:\users\gameuser\documents\citations\newf\newf\newf\fft.cpp(321): warning C4244: 'initializing': conversion from 'size_t' to 'float', possible loss of data
c:\users\gameuser\documents\citations\newf\newf\newf\fft.cpp(323): warning C4244: 'initializing': conversion from 'size_t' to 'float', possible loss of data
c:\users\gameuser\documents\citations\newf\newf\newf\fft.cpp(333): warning C4244: 'initializing': conversion from 'double' to 'float', possible loss of data
c:\users\gameuser\documents\citations\newf\newf\newf\fft.cpp(348): warning C4244: '=': conversion from 'double' to 'float', possible loss of data
c:\users\gameuser\documents\citations\newf\newf\newf\fft.cpp(354): warning C4244: 'argument': conversion from 'double' to 'const float', possible loss of data
c:\users\gameuser\documents\citations\newf\newf\newf\fft.cpp(371): warning C4018: '>': signed/unsigned mismatch
c:\users\gameuser\documents\citations\newf\newf\newf\fft.cpp(424): warning C4244: 'initializing': conversion from 'size_t' to 'float', possible loss of data
c:\users\gameuser\documents\citations\newf\newf\newf\fft.cpp(425): warning C4244: 'initializing': conversion from 'size_t' to 'float', possible loss of data
c:\users\gameuser\documents\citations\newf\newf\newf\fft.cpp(433): warning C4244: 'initializing': conversion from 'double' to 'float', possible loss of data
c:\users\gameuser\documents\citations\newf\newf\newf\fft.cpp(447): warning C4244: '=': conversion from 'double' to 'float', possible loss of data
c:\users\gameuser\documents\citations\newf\newf\newf\fft.cpp(456): warning C4244: 'argument': conversion from 'sf::Int64' to 'float', possible loss of data
c:\users\gameuser\documents\citations\newf\newf\newf\fft.cpp(502): warning C4018: '>': signed/unsigned mismatch
c:\users\gameuser\documents\citations\newf\newf\newf\fft.cpp(534): warning C4244: 'initializing': conversion from 'double' to 'int', possible loss of data
c:\users\gameuser\documents\citations\newf\newf\newf\fft.cpp(535): warning C4244: 'argument': conversion from 'double' to 'float', possible loss of data
c:\users\gameuser\documents\citations\newf\newf\newf\fft.cpp(554): warning C4244: 'initializing': conversion from 'const double' to 'float', possible loss of data
c:\users\gameuser\documents\citations\newf\newf\newf\fft.cpp(556): warning C4244: 'argument': conversion from 'float' to 'const unsigned int', possible loss of data
c:\users\gameuser\documents\citations\newf\newf\newf\fft.cpp(556): warning C4305: 'argument': truncation from 'double' to 'float'
c:\users\gameuser\documents\citations\newf\newf\newf\fft.cpp(557): warning C4244: 'argument': conversion from 'float' to 'const unsigned int', possible loss of data
c:\users\gameuser\documents\citations\newf\newf\newf\fft.cpp(559): warning C4244: 'argument': conversion from 'double' to 'float', possible loss of data
c:\users\gameuser\documents\citations\newf\newf\newf\fft.cpp(561): warning C4305: '*=': truncation from 'double' to 'float'
c:\users\gameuser\documents\citations\newf\newf\newf\fft.cpp(563): warning C4244: 'argument': conversion from 'double' to 'float', possible loss of data
c:\users\gameuser\documents\citations\newf\newf\newf\fft.cpp(569): warning C4244: 'initializing': conversion from 'const double' to 'int', possible loss of data
c:\users\gameuser\documents\citations\newf\newf\newf\fft.cpp(569): warning C4018: '<': signed/unsigned mismatch
  main.cpp
c:\users\gameuser\documents\citations\newf\newf\newf\fft.h(65): warning C4305: 'initializing': truncation from 'double' to 'float'
c:\users\gameuser\documents\citations\newf\newf\newf\main.cpp(23): warning C4101: 'event': unreferenced local variable
  Generating code
  96 of 964 functions (10.0%) were compiled, the rest were copied from previous compilation.
    74 functions were new in current compilation
    18 functions had inline decision re-evaluated but remain unchanged
  Finished generating code
  NewF.vcxproj -> C:\Users\gameuser\Documents\Citations\newF\NewF\Release\NewF.exe
